<?xml version="1.0" encoding="UTF-8"?>
<!-- Generated by org.testng.reporters.JUnitReportReporter -->
<testsuite hostname="LNAR-PC073LMQ" failures="0" tests="2" name="com.testNG.parallelTest" time="0.019" errors="0" timestamp="13 Jul 2019 14:36:08 GMT">
  <testcase classname="com.testNG.parallelTest" name="testMethodOne" time="0.008"/>
  <testcase classname="com.testNG.parallelTest" name="testMethodOne" time="0.011"/>
</testsuite> <!-- com.testNG.parallelTest -->
