<?xml version="1.0" encoding="UTF-8"?>
<!-- Generated by org.testng.reporters.JUnitReportReporter -->
<testsuite hostname="LNAR-PC073LMQ" failures="0" tests="2" name="com.testNG.parallelTest" time="0.002" errors="0" timestamp="12 Jul 2019 21:14:35 GMT">
  <testcase classname="com.testNG.parallelTest" name="testMethodOne" time="0.001"/>
  <testcase classname="com.testNG.parallelTest" name="testMethodOne" time="0.001"/>
</testsuite> <!-- com.testNG.parallelTest -->
